Nov.-09 06:25:11.169 [main] DEBUG nextflow.cli.Launcher - $> nextflow run modules/setup.nf -c config/params.config
Nov.-09 06:25:11.223 [main] INFO  nextflow.cli.CmdRun - N E X T F L O W  ~  version 22.10.1
Nov.-09 06:25:11.248 [main] DEBUG nextflow.plugin.PluginsFacade - Setting up plugin manager > mode=prod; embedded=false; plugins-dir=/home/ubuntu/.nextflow/plugins; core-plugins: nf-amazon@1.11.0,nf-azure@0.14.2,nf-codecommit@0.1.2,nf-console@1.0.4,nf-ga4gh@1.0.4,nf-google@1.4.4,nf-tower@1.5.5,nf-wave@0.5.2
Nov.-09 06:25:11.260 [main] INFO  org.pf4j.DefaultPluginStatusProvider - Enabled plugins: []
Nov.-09 06:25:11.261 [main] INFO  org.pf4j.DefaultPluginStatusProvider - Disabled plugins: []
Nov.-09 06:25:11.264 [main] INFO  org.pf4j.DefaultPluginManager - PF4J version 3.4.1 in 'deployment' mode
Nov.-09 06:25:11.273 [main] INFO  org.pf4j.AbstractPluginManager - No plugins
Nov.-09 06:25:11.295 [main] DEBUG nextflow.config.ConfigBuilder - User config file: /data-weedomics-3/compare_genomes/config/params.config
Nov.-09 06:25:11.296 [main] DEBUG nextflow.config.ConfigBuilder - Parsing config file: /data-weedomics-3/compare_genomes/config/params.config
Nov.-09 06:25:11.317 [main] DEBUG nextflow.config.ConfigBuilder - Applying config profile: `standard`
Nov.-09 06:25:12.069 [main] DEBUG nextflow.cli.CmdRun - Applied DSL=2 by global default
Nov.-09 06:25:12.091 [main] INFO  nextflow.cli.CmdRun - Launching `modules/setup.nf` [sad_meucci] DSL2 - revision: d9c3670d04
Nov.-09 06:25:12.092 [main] DEBUG nextflow.plugin.PluginsFacade - Plugins default=[]
Nov.-09 06:25:12.092 [main] DEBUG nextflow.plugin.PluginsFacade - Plugins resolved requirement=[]
Nov.-09 06:25:12.104 [main] DEBUG nextflow.secret.LocalSecretsProvider - Secrets store: /home/ubuntu/.nextflow/secrets/store.json
Nov.-09 06:25:12.109 [main] DEBUG nextflow.secret.SecretsLoader - Discovered secrets providers: [nextflow.secret.LocalSecretsProvider@1305c126] - activable => nextflow.secret.LocalSecretsProvider@1305c126
Nov.-09 06:25:12.194 [main] DEBUG nextflow.Session - Session UUID: 3f68c9f2-9d20-43c2-8057-e400910842a9
Nov.-09 06:25:12.194 [main] DEBUG nextflow.Session - Run name: sad_meucci
Nov.-09 06:25:12.194 [main] DEBUG nextflow.Session - Executor pool size: 8
Nov.-09 06:25:12.208 [main] DEBUG nextflow.util.ThreadPoolBuilder - Creating thread pool 'FileTransfer' minSize=10; maxSize=24; workQueue=LinkedBlockingQueue[10000]; allowCoreThreadTimeout=false
Nov.-09 06:25:12.237 [main] DEBUG nextflow.cli.CmdRun - 
  Version: 22.10.1 build 5828
  Created: 27-10-2022 16:58 UTC 
  System: Linux 5.15.0-33-generic
  Runtime: Groovy 3.0.13 on OpenJDK 64-Bit Server VM 11.0.16+8-post-Ubuntu-0ubuntu122.04
  Encoding: UTF-8 (UTF-8)
  Process: 1468166@weedomics-vm-3 [127.0.1.1]
  CPUs: 8 - Mem: 15.6 GB (7.7 GB) - Swap: 0 (0)
Nov.-09 06:25:12.266 [main] DEBUG nextflow.Session - Work-dir: /data-weedomics-3/compare_genomes/work [ext2/ext3]
Nov.-09 06:25:12.267 [main] DEBUG nextflow.Session - Script base path does not exist or is not a directory: /data-weedomics-3/compare_genomes/modules/bin
Nov.-09 06:25:12.279 [main] DEBUG nextflow.executor.ExecutorFactory - Extension executors providers=[]
Nov.-09 06:25:12.292 [main] DEBUG nextflow.Session - Observer factory: DefaultObserverFactory
Nov.-09 06:25:12.323 [main] DEBUG nextflow.cache.CacheFactory - Using Nextflow cache factory: nextflow.cache.DefaultCacheFactory
Nov.-09 06:25:12.333 [main] DEBUG nextflow.util.CustomThreadPool - Creating default thread pool > poolSize: 9; maxThreads: 1000
Nov.-09 06:25:12.429 [main] DEBUG nextflow.Session - Session start
Nov.-09 06:25:12.694 [main] DEBUG nextflow.script.ScriptRunner - > Launching execution
Nov.-09 06:25:12.760 [main] DEBUG nextflow.script.ProcessConfig - Config settings `withLabel:LOW_MEM_LOW_CPU` matches labels `LOW_MEM_LOW_CPU` for process with name SETUP_DIRECTORIES
Nov.-09 06:25:12.778 [main] DEBUG nextflow.executor.ExecutorFactory - << taskConfig executor: null
Nov.-09 06:25:12.778 [main] DEBUG nextflow.executor.ExecutorFactory - >> processorType: 'local'
Nov.-09 06:25:12.785 [main] DEBUG nextflow.executor.Executor - [warm up] executor > local
Nov.-09 06:25:12.791 [main] DEBUG n.processor.LocalPollingMonitor - Creating local task monitor for executor 'local' > cpus=8; memory=15.6 GB; capacity=8; pollInterval=100ms; dumpInterval=5m
Nov.-09 06:25:12.893 [main] DEBUG nextflow.script.ProcessConfig - Config settings `withLabel:LOW_MEM_LOW_CPU` matches labels `LOW_MEM_LOW_CPU` for process with name DOWNLOAD_OMICS_DATA
Nov.-09 06:25:12.894 [main] DEBUG nextflow.executor.ExecutorFactory - << taskConfig executor: null
Nov.-09 06:25:12.894 [main] DEBUG nextflow.executor.ExecutorFactory - >> processorType: 'local'
Nov.-09 06:25:12.898 [main] DEBUG nextflow.script.ProcessConfig - Config settings `withLabel:LOW_MEM_LOW_CPU` matches labels `LOW_MEM_LOW_CPU` for process with name DOWNLOAD_PANTHER_DATABASE
Nov.-09 06:25:12.899 [main] DEBUG nextflow.executor.ExecutorFactory - << taskConfig executor: null
Nov.-09 06:25:12.899 [main] DEBUG nextflow.executor.ExecutorFactory - >> processorType: 'local'
Nov.-09 06:25:12.902 [main] DEBUG nextflow.script.ProcessConfig - Config settings `withLabel:HIGH_MEM_HIGH_CPU` matches labels `HIGH_MEM_HIGH_CPU` for process with name INSTALL_JULIA_PACKAGES
Nov.-09 06:25:12.904 [main] DEBUG nextflow.executor.ExecutorFactory - << taskConfig executor: null
Nov.-09 06:25:12.904 [main] DEBUG nextflow.executor.ExecutorFactory - >> processorType: 'local'
Nov.-09 06:25:12.908 [main] DEBUG nextflow.Session - Workflow process names [dsl2]: DOWNLOAD_PANTHER_DATABASE, SETUP_DIRECTORIES, INSTALL_JULIA_PACKAGES, DOWNLOAD_OMICS_DATA
Nov.-09 06:25:12.908 [main] DEBUG nextflow.Session - Igniting dataflow network (4)
Nov.-09 06:25:12.908 [main] DEBUG nextflow.processor.TaskProcessor - Starting process > SETUP_DIRECTORIES
Nov.-09 06:25:12.909 [main] DEBUG nextflow.processor.TaskProcessor - Starting process > DOWNLOAD_OMICS_DATA
Nov.-09 06:25:12.910 [main] DEBUG nextflow.processor.TaskProcessor - Starting process > DOWNLOAD_PANTHER_DATABASE
Nov.-09 06:25:12.911 [main] DEBUG nextflow.processor.TaskProcessor - Starting process > INSTALL_JULIA_PACKAGES
Nov.-09 06:25:12.911 [main] DEBUG nextflow.script.ScriptRunner - > Awaiting termination 
Nov.-09 06:25:12.911 [main] DEBUG nextflow.Session - Session await
Nov.-09 06:25:13.247 [Task submitter] DEBUG n.executor.local.LocalTaskHandler - Launch cmd line: /bin/bash -ue .command.run
Nov.-09 06:25:13.250 [Task submitter] INFO  nextflow.Session - [6b/c3af13] Submitted process > DOWNLOAD_OMICS_DATA
Nov.-09 06:25:13.257 [Task submitter] DEBUG n.executor.local.LocalTaskHandler - Launch cmd line: /bin/bash -ue .command.run
Nov.-09 06:25:13.258 [Task submitter] INFO  nextflow.Session - [52/7c9b50] Submitted process > DOWNLOAD_PANTHER_DATABASE
Nov.-09 06:25:13.261 [Task submitter] DEBUG n.executor.local.LocalTaskHandler - Launch cmd line: /bin/bash -ue .command.run
Nov.-09 06:25:13.262 [Task submitter] INFO  nextflow.Session - [97/867b46] Submitted process > INSTALL_JULIA_PACKAGES
Nov.-09 06:25:13.266 [Task submitter] DEBUG n.executor.local.LocalTaskHandler - Launch cmd line: /bin/bash -ue .command.run
Nov.-09 06:25:13.267 [Task submitter] INFO  nextflow.Session - [05/045b71] Submitted process > SETUP_DIRECTORIES
Nov.-09 06:25:13.286 [Task monitor] DEBUG n.processor.TaskPollingMonitor - Task completed > TaskHandler[id: 1; name: DOWNLOAD_OMICS_DATA; status: COMPLETED; exit: 0; error: -; workDir: /data-weedomics-3/compare_genomes/work/6b/c3af13d21fc93047ab7bb3fbbeb8e8]
Nov.-09 06:25:13.331 [Task monitor] DEBUG n.processor.TaskPollingMonitor - Task completed > TaskHandler[id: 3; name: INSTALL_JULIA_PACKAGES; status: COMPLETED; exit: 0; error: -; workDir: /data-weedomics-3/compare_genomes/work/97/867b4684392591a0a45904f9535936]
Nov.-09 06:25:13.337 [Task monitor] DEBUG n.processor.TaskPollingMonitor - Task completed > TaskHandler[id: 2; name: SETUP_DIRECTORIES; status: COMPLETED; exit: 0; error: -; workDir: /data-weedomics-3/compare_genomes/work/05/045b710cd10786901b1d560d9e6ca1]
